This is pdfTeX, Version 3.1415926-2.4-1.40.13 (TeX Live 2012/MacPorts 2012_10) (format=pdflatex 2013.6.16)  9 JUL 2014 16:48
entering extended mode
 restricted \write18 enabled.
 %&-line parsing enabled.
**Docdavinci.tex
(./Docdavinci.tex
LaTeX2e <2011/06/27>
Babel <v3.8m> and hyphenation patterns for english, dumylang, nohyphenation, cz
ech, slovak, dutch, ukenglish, usenglishmax, basque, french, german-x-2012-05-3
0, ngerman-x-2012-05-30, german, ngerman, swissgerman, italian, polish, portugu
ese, spanish, catalan, galician, loaded.

(/opt/local/share/texmf-texlive-dist/tex/latex/base/article.cls
Document Class: article 2007/10/19 v1.4h Standard LaTeX document class
(/opt/local/share/texmf-texlive-dist/tex/latex/base/size11.clo
File: size11.clo 2007/10/19 v1.4h Standard LaTeX file (size option)
)
\c@part=\count79
\c@section=\count80
\c@subsection=\count81
\c@subsubsection=\count82
\c@paragraph=\count83
\c@subparagraph=\count84
\c@figure=\count85
\c@table=\count86
\abovecaptionskip=\skip41
\belowcaptionskip=\skip42
\bibindent=\dimen102
)
No file Docdavinci.aux.
\openout1 = `Docdavinci.aux'.

LaTeX Font Info:    Checking defaults for OML/cmm/m/it on input line 9.
LaTeX Font Info:    ... okay on input line 9.
LaTeX Font Info:    Checking defaults for T1/cmr/m/n on input line 9.
LaTeX Font Info:    ... okay on input line 9.
LaTeX Font Info:    Checking defaults for OT1/cmr/m/n on input line 9.
LaTeX Font Info:    ... okay on input line 9.
LaTeX Font Info:    Checking defaults for OMS/cmsy/m/n on input line 9.
LaTeX Font Info:    ... okay on input line 9.
LaTeX Font Info:    Checking defaults for OMX/cmex/m/n on input line 9.
LaTeX Font Info:    ... okay on input line 9.
LaTeX Font Info:    Checking defaults for U/cmr/m/n on input line 9.
LaTeX Font Info:    ... okay on input line 9.
LaTeX Font Info:    External font `cmex10' loaded for size
(Font)              <12> on input line 11.
LaTeX Font Info:    External font `cmex10' loaded for size
(Font)              <8> on input line 11.
LaTeX Font Info:    External font `cmex10' loaded for size
(Font)              <6> on input line 11.
LaTeX Font Info:    External font `cmex10' loaded for size
(Font)              <10.95> on input line 27.

Underfull \hbox (badness 10000) in paragraph at lines 58--59

 []


Underfull \hbox (badness 10000) in paragraph at lines 60--64

 []

[1

{/opt/local/var/db/texmf/fonts/map/pdftex/updmap/pdftex.map}]
Underfull \hbox (badness 10000) in paragraph at lines 65--66

 []

LaTeX Font Info:    Try loading font information for OMS+cmtt on input line 68.

LaTeX Font Info:    No file OMScmtt.fd. on input line 68.

LaTeX Font Warning: Font shape `OMS/cmtt/m/n' undefined
(Font)              using `OMS/cmsy/m/n' instead
(Font)              for symbol `textbraceleft' on input line 68.


Underfull \hbox (badness 10000) in paragraph at lines 67--75

 []


Underfull \hbox (badness 10000) in paragraph at lines 80--84

 []


Underfull \hbox (badness 10000) in paragraph at lines 85--95

 []


Underfull \hbox (badness 10000) in paragraph at lines 96--99

 []


Underfull \hbox (badness 10000) in paragraph at lines 100--103

 []


Underfull \hbox (badness 10000) in paragraph at lines 104--107

 []


Underfull \hbox (badness 10000) in paragraph at lines 108--112

 []


Underfull \hbox (badness 10000) in paragraph at lines 113--119

 []

[2]
Underfull \hbox (badness 10000) in paragraph at lines 120--125

 []


Underfull \hbox (badness 10000) in paragraph at lines 126--129

 []


Underfull \hbox (badness 10000) in paragraph at lines 130--133

 []


Underfull \hbox (badness 10000) in paragraph at lines 134--138

 []


Underfull \hbox (badness 10000) in paragraph at lines 139--145

 []


Underfull \hbox (badness 10000) in paragraph at lines 146--153

 []


Underfull \hbox (badness 10000) in paragraph at lines 154--158

 []


Underfull \hbox (badness 10000) in paragraph at lines 159--164

 []


Underfull \hbox (badness 10000) in paragraph at lines 165--170

 []


Underfull \hbox (badness 10000) in paragraph at lines 171--175

 []


Underfull \hbox (badness 10000) in paragraph at lines 176--181

 []

[3] (./Docdavinci.aux)

LaTeX Font Warning: Some font shapes were not available, defaults substituted.

 ) 
Here is how much of TeX's memory you used:
 251 strings out of 494763
 2773 string characters out of 3171442
 55567 words of memory out of 3000000
 3552 multiletter control sequences out of 15000+200000
 9370 words of font info for 33 fonts, out of 3000000 for 9000
 134 hyphenation exceptions out of 8191
 21i,9n,19p,379b,185s stack positions out of 5000i,500n,10000p,200000b,50000s
</opt/local/share/texmf-texlive-dist/fonts/type1/public/amsfonts/cm/cmbx12.pf
b></opt/local/share/texmf-texlive-dist/fonts/type1/public/amsfonts/cm/cmmi10.pf
b></opt/local/share/texmf-texlive-dist/fonts/type1/public/amsfonts/cm/cmr10.pfb
></opt/local/share/texmf-texlive-dist/fonts/type1/public/amsfonts/cm/cmr12.pfb>
</opt/local/share/texmf-texlive-dist/fonts/type1/public/amsfonts/cm/cmr17.pfb><
/opt/local/share/texmf-texlive-dist/fonts/type1/public/amsfonts/cm/cmsl10.pfb><
/opt/local/share/texmf-texlive-dist/fonts/type1/public/amsfonts/cm/cmsy10.pfb><
/opt/local/share/texmf-texlive-dist/fonts/type1/public/amsfonts/cm/cmti10.pfb><
/opt/local/share/texmf-texlive-dist/fonts/type1/public/amsfonts/cm/cmtt10.pfb>
Output written on Docdavinci.pdf (3 pages, 109833 bytes).
PDF statistics:
 50 PDF objects out of 1000 (max. 8388607)
 35 compressed objects within 1 object stream
 0 named destinations out of 1000 (max. 500000)
 1 words of extra memory for PDF output out of 10000 (max. 10000000)

